[2025-03-02 21:02:13,726] INFO - [2025-03-02 21:02:13] Machine 3 internal event, Updated Logical Clock: 1
[2025-03-02 21:02:14,067] INFO - [2025-03-02 21:02:14] Machine 3 received message from 2, Received Clock: 1, Queue Length: 1, Updated Logical Clock: 2
[2025-03-02 21:02:14,408] INFO - [2025-03-02 21:02:14] Machine 3 sent message to ('localhost', 6542), Logical Clock: 3
[2025-03-02 21:02:14,776] INFO - [2025-03-02 21:02:14] Machine 3 received message from 2, Received Clock: 3, Queue Length: 2, Updated Logical Clock: 4
[2025-03-02 21:02:15,115] INFO - [2025-03-02 21:02:15] Machine 3 received message from 1, Received Clock: 4, Queue Length: 2, Updated Logical Clock: 5
[2025-03-02 21:02:15,453] INFO - [2025-03-02 21:02:15] Machine 3 received message from 2, Received Clock: 5, Queue Length: 1, Updated Logical Clock: 6
[2025-03-02 21:02:15,791] INFO - [2025-03-02 21:02:15] Machine 3 received message from 1, Received Clock: 7, Queue Length: 1, Updated Logical Clock: 8
[2025-03-02 21:02:16,129] INFO - [2025-03-02 21:02:16] Machine 3 sent message to ('localhost', 6542), Logical Clock: 9
[2025-03-02 21:02:16,469] INFO - [2025-03-02 21:02:16] Machine 3 received message from 1, Received Clock: 10, Queue Length: 1, Updated Logical Clock: 11
[2025-03-02 21:02:16,807] INFO - [2025-03-02 21:02:16] Machine 3 sent message to ('localhost', 6542), Logical Clock: 12
[2025-03-02 21:02:17,143] INFO - [2025-03-02 21:02:17] Machine 3 sent message to ('localhost', 6542), Logical Clock: 13
[2025-03-02 21:02:17,477] INFO - [2025-03-02 21:02:17] Machine 3 received message from 2, Received Clock: 14, Queue Length: 1, Updated Logical Clock: 15
[2025-03-02 21:02:17,816] INFO - [2025-03-02 21:02:17] Machine 3 received message from 2, Received Clock: 15, Queue Length: 1, Updated Logical Clock: 16
[2025-03-02 21:02:18,152] INFO - [2025-03-02 21:02:18] Machine 3 sent message to ('localhost', 6542), Logical Clock: 17
[2025-03-02 21:02:18,153] INFO - [2025-03-02 21:02:18] Machine 3 sent message to ('localhost', 6541), Logical Clock: 18
[2025-03-02 21:02:18,492] INFO - [2025-03-02 21:02:18] Machine 3 sent message to ('localhost', 6542), Logical Clock: 19
[2025-03-02 21:02:18,827] INFO - [2025-03-02 21:02:18] Machine 3 internal event, Updated Logical Clock: 20
[2025-03-02 21:02:19,166] INFO - [2025-03-02 21:02:19] Machine 3 internal event, Updated Logical Clock: 21
[2025-03-02 21:02:19,505] INFO - [2025-03-02 21:02:19] Machine 3 sent message to ('localhost', 6542), Logical Clock: 22
[2025-03-02 21:02:19,843] INFO - [2025-03-02 21:02:19] Machine 3 received message from 1, Received Clock: 22, Queue Length: 1, Updated Logical Clock: 23
[2025-03-02 21:02:20,179] INFO - [2025-03-02 21:02:20] Machine 3 received message from 2, Received Clock: 24, Queue Length: 1, Updated Logical Clock: 25
[2025-03-02 21:02:20,520] INFO - [2025-03-02 21:02:20] Machine 3 sent message to ('localhost', 6541), Logical Clock: 26
[2025-03-02 21:02:20,859] INFO - [2025-03-02 21:02:20] Machine 3 internal event, Updated Logical Clock: 27
[2025-03-02 21:02:21,199] INFO - [2025-03-02 21:02:21] Machine 3 sent message to ('localhost', 6542), Logical Clock: 28
[2025-03-02 21:02:21,534] INFO - [2025-03-02 21:02:21] Machine 3 received message from 1, Received Clock: 27, Queue Length: 1, Updated Logical Clock: 29
[2025-03-02 21:02:21,875] INFO - [2025-03-02 21:02:21] Machine 3 sent message to ('localhost', 6542), Logical Clock: 30
[2025-03-02 21:02:22,215] INFO - [2025-03-02 21:02:22] Machine 3 received message from 2, Received Clock: 31, Queue Length: 1, Updated Logical Clock: 32
[2025-03-02 21:02:22,553] INFO - [2025-03-02 21:02:22] Machine 3 received message from 2, Received Clock: 32, Queue Length: 1, Updated Logical Clock: 33
[2025-03-02 21:02:22,893] INFO - [2025-03-02 21:02:22] Machine 3 received message from 1, Received Clock: 33, Queue Length: 1, Updated Logical Clock: 34
[2025-03-02 21:02:23,233] INFO - [2025-03-02 21:02:23] Machine 3 received message from 1, Received Clock: 35, Queue Length: 1, Updated Logical Clock: 36
[2025-03-02 21:02:23,572] INFO - [2025-03-02 21:02:23] Machine 3 sent message to ('localhost', 6541), Logical Clock: 37
[2025-03-02 21:02:23,911] INFO - [2025-03-02 21:02:23] Machine 3 internal event, Updated Logical Clock: 38
[2025-03-02 21:02:24,251] INFO - [2025-03-02 21:02:24] Machine 3 received message from 1, Received Clock: 38, Queue Length: 1, Updated Logical Clock: 39
[2025-03-02 21:02:24,591] INFO - [2025-03-02 21:02:24] Machine 3 internal event, Updated Logical Clock: 40
[2025-03-02 21:02:24,928] INFO - [2025-03-02 21:02:24] Machine 3 received message from 1, Received Clock: 41, Queue Length: 1, Updated Logical Clock: 42
[2025-03-02 21:02:25,269] INFO - [2025-03-02 21:02:25] Machine 3 internal event, Updated Logical Clock: 43
[2025-03-02 21:02:25,608] INFO - [2025-03-02 21:02:25] Machine 3 internal event, Updated Logical Clock: 44
[2025-03-02 21:02:25,947] INFO - [2025-03-02 21:02:25] Machine 3 received message from 2, Received Clock: 43, Queue Length: 1, Updated Logical Clock: 45
[2025-03-02 21:02:26,287] INFO - [2025-03-02 21:02:26] Machine 3 sent message to ('localhost', 6542), Logical Clock: 46
[2025-03-02 21:02:26,289] INFO - [2025-03-02 21:02:26] Machine 3 sent message to ('localhost', 6541), Logical Clock: 47
[2025-03-02 21:02:26,628] INFO - [2025-03-02 21:02:26] Machine 3 sent message to ('localhost', 6542), Logical Clock: 48
[2025-03-02 21:02:26,967] INFO - [2025-03-02 21:02:26] Machine 3 received message from 2, Received Clock: 49, Queue Length: 1, Updated Logical Clock: 50
[2025-03-02 21:02:27,305] INFO - [2025-03-02 21:02:27] Machine 3 received message from 2, Received Clock: 50, Queue Length: 1, Updated Logical Clock: 51
[2025-03-02 21:02:27,644] INFO - [2025-03-02 21:02:27] Machine 3 internal event, Updated Logical Clock: 52
[2025-03-02 21:02:27,980] INFO - [2025-03-02 21:02:27] Machine 3 sent message to ('localhost', 6542), Logical Clock: 53
[2025-03-02 21:02:27,982] INFO - [2025-03-02 21:02:27] Machine 3 sent message to ('localhost', 6541), Logical Clock: 54
[2025-03-02 21:02:28,320] INFO - [2025-03-02 21:02:28] Machine 3 internal event, Updated Logical Clock: 55
[2025-03-02 21:02:28,657] INFO - [2025-03-02 21:02:28] Machine 3 sent message to ('localhost', 6542), Logical Clock: 56
[2025-03-02 21:02:28,995] INFO - [2025-03-02 21:02:28] Machine 3 internal event, Updated Logical Clock: 57
[2025-03-02 21:02:29,332] INFO - [2025-03-02 21:02:29] Machine 3 sent message to ('localhost', 6541), Logical Clock: 58
[2025-03-02 21:02:29,669] INFO - [2025-03-02 21:02:29] Machine 3 received message from 1, Received Clock: 59, Queue Length: 1, Updated Logical Clock: 60
[2025-03-02 21:02:30,009] INFO - [2025-03-02 21:02:30] Machine 3 sent message to ('localhost', 6542), Logical Clock: 61
[2025-03-02 21:02:30,011] INFO - [2025-03-02 21:02:30] Machine 3 sent message to ('localhost', 6541), Logical Clock: 62
[2025-03-02 21:02:30,349] INFO - [2025-03-02 21:02:30] Machine 3 internal event, Updated Logical Clock: 63
[2025-03-02 21:02:30,688] INFO - [2025-03-02 21:02:30] Machine 3 internal event, Updated Logical Clock: 64
[2025-03-02 21:02:31,024] INFO - [2025-03-02 21:02:31] Machine 3 sent message to ('localhost', 6542), Logical Clock: 65
[2025-03-02 21:02:31,364] INFO - [2025-03-02 21:02:31] Machine 3 sent message to ('localhost', 6542), Logical Clock: 66
[2025-03-02 21:02:31,699] INFO - [2025-03-02 21:02:31] Machine 3 received message from 2, Received Clock: 66, Queue Length: 1, Updated Logical Clock: 67
[2025-03-02 21:02:32,035] INFO - [2025-03-02 21:02:32] Machine 3 sent message to ('localhost', 6542), Logical Clock: 68
[2025-03-02 21:02:32,374] INFO - [2025-03-02 21:02:32] Machine 3 received message from 2, Received Clock: 68, Queue Length: 1, Updated Logical Clock: 69
[2025-03-02 21:02:32,713] INFO - [2025-03-02 21:02:32] Machine 3 received message from 2, Received Clock: 70, Queue Length: 1, Updated Logical Clock: 71
[2025-03-02 21:02:33,050] INFO - [2025-03-02 21:02:33] Machine 3 internal event, Updated Logical Clock: 72
[2025-03-02 21:02:33,387] INFO - [2025-03-02 21:02:33] Machine 3 internal event, Updated Logical Clock: 73
[2025-03-02 21:02:33,726] INFO - [2025-03-02 21:02:33] Machine 3 received message from 1, Received Clock: 73, Queue Length: 1, Updated Logical Clock: 74
[2025-03-02 21:02:34,065] INFO - [2025-03-02 21:02:34] Machine 3 received message from 2, Received Clock: 74, Queue Length: 2, Updated Logical Clock: 75
[2025-03-02 21:02:34,401] INFO - [2025-03-02 21:02:34] Machine 3 received message from 1, Received Clock: 75, Queue Length: 1, Updated Logical Clock: 76
[2025-03-02 21:02:34,740] INFO - [2025-03-02 21:02:34] Machine 3 sent message to ('localhost', 6541), Logical Clock: 77
[2025-03-02 21:02:35,076] INFO - [2025-03-02 21:02:35] Machine 3 internal event, Updated Logical Clock: 78
[2025-03-02 21:02:35,415] INFO - [2025-03-02 21:02:35] Machine 3 received message from 1, Received Clock: 79, Queue Length: 1, Updated Logical Clock: 80
[2025-03-02 21:02:35,753] INFO - [2025-03-02 21:02:35] Machine 3 received message from 1, Received Clock: 81, Queue Length: 1, Updated Logical Clock: 82
[2025-03-02 21:02:36,093] INFO - [2025-03-02 21:02:36] Machine 3 internal event, Updated Logical Clock: 83
[2025-03-02 21:02:36,433] INFO - [2025-03-02 21:02:36] Machine 3 received message from 1, Received Clock: 83, Queue Length: 1, Updated Logical Clock: 84
[2025-03-02 21:02:36,775] INFO - [2025-03-02 21:02:36] Machine 3 received message from 2, Received Clock: 84, Queue Length: 1, Updated Logical Clock: 85
[2025-03-02 21:02:37,117] INFO - [2025-03-02 21:02:37] Machine 3 received message from 1, Received Clock: 85, Queue Length: 1, Updated Logical Clock: 86
[2025-03-02 21:02:37,454] INFO - [2025-03-02 21:02:37] Machine 3 internal event, Updated Logical Clock: 87
[2025-03-02 21:02:37,793] INFO - [2025-03-02 21:02:37] Machine 3 received message from 1, Received Clock: 87, Queue Length: 1, Updated Logical Clock: 88
[2025-03-02 21:02:38,132] INFO - [2025-03-02 21:02:38] Machine 3 internal event, Updated Logical Clock: 89
[2025-03-02 21:02:38,471] INFO - [2025-03-02 21:02:38] Machine 3 received message from 1, Received Clock: 90, Queue Length: 1, Updated Logical Clock: 91
[2025-03-02 21:02:38,807] INFO - [2025-03-02 21:02:38] Machine 3 received message from 2, Received Clock: 90, Queue Length: 1, Updated Logical Clock: 92
[2025-03-02 21:02:39,148] INFO - [2025-03-02 21:02:39] Machine 3 sent message to ('localhost', 6542), Logical Clock: 93
[2025-03-02 21:02:39,149] INFO - [2025-03-02 21:02:39] Machine 3 sent message to ('localhost', 6541), Logical Clock: 94
[2025-03-02 21:02:39,488] INFO - [2025-03-02 21:02:39] Machine 3 sent message to ('localhost', 6542), Logical Clock: 95
[2025-03-02 21:02:39,826] INFO - [2025-03-02 21:02:39] Machine 3 internal event, Updated Logical Clock: 96
[2025-03-02 21:02:40,166] INFO - [2025-03-02 21:02:40] Machine 3 received message from 2, Received Clock: 96, Queue Length: 2, Updated Logical Clock: 97
[2025-03-02 21:02:40,510] INFO - [2025-03-02 21:02:40] Machine 3 received message from 1, Received Clock: 97, Queue Length: 1, Updated Logical Clock: 98
[2025-03-02 21:02:40,849] INFO - [2025-03-02 21:02:40] Machine 3 sent message to ('localhost', 6541), Logical Clock: 99
[2025-03-02 21:02:41,190] INFO - [2025-03-02 21:02:41] Machine 3 sent message to ('localhost', 6542), Logical Clock: 100
[2025-03-02 21:02:41,531] INFO - [2025-03-02 21:02:41] Machine 3 sent message to ('localhost', 6541), Logical Clock: 101
[2025-03-02 21:02:41,868] INFO - [2025-03-02 21:02:41] Machine 3 received message from 1, Received Clock: 102, Queue Length: 1, Updated Logical Clock: 103
[2025-03-02 21:02:42,204] INFO - [2025-03-02 21:02:42] Machine 3 received message from 2, Received Clock: 104, Queue Length: 1, Updated Logical Clock: 105
[2025-03-02 21:02:42,542] INFO - [2025-03-02 21:02:42] Machine 3 received message from 1, Received Clock: 104, Queue Length: 2, Updated Logical Clock: 106
[2025-03-02 21:02:42,878] INFO - [2025-03-02 21:02:42] Machine 3 received message from 2, Received Clock: 105, Queue Length: 1, Updated Logical Clock: 107
[2025-03-02 21:02:43,215] INFO - [2025-03-02 21:02:43] Machine 3 internal event, Updated Logical Clock: 108
[2025-03-02 21:02:43,551] INFO - [2025-03-02 21:02:43] Machine 3 received message from 2, Received Clock: 107, Queue Length: 1, Updated Logical Clock: 109
[2025-03-02 21:02:43,890] INFO - [2025-03-02 21:02:43] Machine 3 received message from 2, Received Clock: 108, Queue Length: 2, Updated Logical Clock: 110
[2025-03-02 21:02:44,228] INFO - [2025-03-02 21:02:44] Machine 3 received message from 1, Received Clock: 108, Queue Length: 2, Updated Logical Clock: 111
[2025-03-02 21:02:44,563] INFO - [2025-03-02 21:02:44] Machine 3 received message from 1, Received Clock: 110, Queue Length: 1, Updated Logical Clock: 112
[2025-03-02 21:02:44,902] INFO - [2025-03-02 21:02:44] Machine 3 received message from 1, Received Clock: 112, Queue Length: 1, Updated Logical Clock: 113
[2025-03-02 21:02:45,242] INFO - [2025-03-02 21:02:45] Machine 3 sent message to ('localhost', 6542), Logical Clock: 114
[2025-03-02 21:02:45,243] INFO - [2025-03-02 21:02:45] Machine 3 sent message to ('localhost', 6541), Logical Clock: 115
[2025-03-02 21:02:45,583] INFO - [2025-03-02 21:02:45] Machine 3 sent message to ('localhost', 6541), Logical Clock: 116
[2025-03-02 21:02:45,932] INFO - [2025-03-02 21:02:45] Machine 3 internal event, Updated Logical Clock: 117
[2025-03-02 21:02:46,271] INFO - [2025-03-02 21:02:46] Machine 3 received message from 2, Received Clock: 119, Queue Length: 1, Updated Logical Clock: 120
[2025-03-02 21:02:46,610] INFO - [2025-03-02 21:02:46] Machine 3 internal event, Updated Logical Clock: 121
[2025-03-02 21:02:46,948] INFO - [2025-03-02 21:02:46] Machine 3 internal event, Updated Logical Clock: 122
[2025-03-02 21:02:47,287] INFO - [2025-03-02 21:02:47] Machine 3 received message from 1, Received Clock: 122, Queue Length: 1, Updated Logical Clock: 123
[2025-03-02 21:02:47,623] INFO - [2025-03-02 21:02:47] Machine 3 sent message to ('localhost', 6541), Logical Clock: 124
[2025-03-02 21:02:47,964] INFO - [2025-03-02 21:02:47] Machine 3 sent message to ('localhost', 6542), Logical Clock: 125
[2025-03-02 21:02:48,304] INFO - [2025-03-02 21:02:48] Machine 3 received message from 2, Received Clock: 126, Queue Length: 1, Updated Logical Clock: 127
[2025-03-02 21:02:48,642] INFO - [2025-03-02 21:02:48] Machine 3 received message from 1, Received Clock: 127, Queue Length: 1, Updated Logical Clock: 128
[2025-03-02 21:02:48,979] INFO - [2025-03-02 21:02:48] Machine 3 internal event, Updated Logical Clock: 129
[2025-03-02 21:02:49,314] INFO - [2025-03-02 21:02:49] Machine 3 received message from 2, Received Clock: 131, Queue Length: 1, Updated Logical Clock: 132
[2025-03-02 21:02:49,652] INFO - [2025-03-02 21:02:49] Machine 3 sent message to ('localhost', 6542), Logical Clock: 133
[2025-03-02 21:02:49,991] INFO - [2025-03-02 21:02:49] Machine 3 received message from 2, Received Clock: 134, Queue Length: 1, Updated Logical Clock: 135
[2025-03-02 21:02:50,328] INFO - [2025-03-02 21:02:50] Machine 3 sent message to ('localhost', 6541), Logical Clock: 136
[2025-03-02 21:02:50,668] INFO - [2025-03-02 21:02:50] Machine 3 sent message to ('localhost', 6541), Logical Clock: 137
[2025-03-02 21:02:51,007] INFO - [2025-03-02 21:02:51] Machine 3 internal event, Updated Logical Clock: 138
[2025-03-02 21:02:51,345] INFO - [2025-03-02 21:02:51] Machine 3 received message from 1, Received Clock: 138, Queue Length: 1, Updated Logical Clock: 139
[2025-03-02 21:02:51,684] INFO - [2025-03-02 21:02:51] Machine 3 received message from 1, Received Clock: 140, Queue Length: 1, Updated Logical Clock: 141
[2025-03-02 21:02:52,021] INFO - [2025-03-02 21:02:52] Machine 3 internal event, Updated Logical Clock: 142
[2025-03-02 21:02:52,362] INFO - [2025-03-02 21:02:52] Machine 3 sent message to ('localhost', 6542), Logical Clock: 143
[2025-03-02 21:02:52,364] INFO - [2025-03-02 21:02:52] Machine 3 sent message to ('localhost', 6541), Logical Clock: 144
[2025-03-02 21:02:52,701] INFO - [2025-03-02 21:02:52] Machine 3 internal event, Updated Logical Clock: 145
[2025-03-02 21:02:53,039] INFO - [2025-03-02 21:02:53] Machine 3 internal event, Updated Logical Clock: 146
[2025-03-02 21:02:53,374] INFO - [2025-03-02 21:02:53] Machine 3 internal event, Updated Logical Clock: 147
[2025-03-02 21:02:53,711] INFO - [2025-03-02 21:02:53] Machine 3 internal event, Updated Logical Clock: 148
[2025-03-02 21:02:54,052] INFO - [2025-03-02 21:02:54] Machine 3 sent message to ('localhost', 6542), Logical Clock: 149
[2025-03-02 21:02:54,387] INFO - [2025-03-02 21:02:54] Machine 3 sent message to ('localhost', 6542), Logical Clock: 150
[2025-03-02 21:02:54,389] INFO - [2025-03-02 21:02:54] Machine 3 sent message to ('localhost', 6541), Logical Clock: 151
[2025-03-02 21:02:54,729] INFO - [2025-03-02 21:02:54] Machine 3 sent message to ('localhost', 6541), Logical Clock: 152
[2025-03-02 21:02:55,066] INFO - [2025-03-02 21:02:55] Machine 3 internal event, Updated Logical Clock: 153
[2025-03-02 21:02:55,404] INFO - [2025-03-02 21:02:55] Machine 3 sent message to ('localhost', 6542), Logical Clock: 154
[2025-03-02 21:02:55,406] INFO - [2025-03-02 21:02:55] Machine 3 sent message to ('localhost', 6541), Logical Clock: 155
[2025-03-02 21:02:55,744] INFO - [2025-03-02 21:02:55] Machine 3 sent message to ('localhost', 6542), Logical Clock: 156
[2025-03-02 21:02:55,745] INFO - [2025-03-02 21:02:55] Machine 3 sent message to ('localhost', 6541), Logical Clock: 157
[2025-03-02 21:02:56,083] INFO - [2025-03-02 21:02:56] Machine 3 sent message to ('localhost', 6542), Logical Clock: 158
[2025-03-02 21:02:56,086] INFO - [2025-03-02 21:02:56] Machine 3 sent message to ('localhost', 6541), Logical Clock: 159
[2025-03-02 21:02:56,425] INFO - [2025-03-02 21:02:56] Machine 3 internal event, Updated Logical Clock: 160
[2025-03-02 21:02:56,760] INFO - [2025-03-02 21:02:56] Machine 3 received message from 2, Received Clock: 161, Queue Length: 1, Updated Logical Clock: 162
[2025-03-02 21:02:57,098] INFO - [2025-03-02 21:02:57] Machine 3 internal event, Updated Logical Clock: 163
[2025-03-02 21:02:57,438] INFO - [2025-03-02 21:02:57] Machine 3 sent message to ('localhost', 6541), Logical Clock: 164
[2025-03-02 21:02:57,779] INFO - [2025-03-02 21:02:57] Machine 3 sent message to ('localhost', 6542), Logical Clock: 165
[2025-03-02 21:02:57,781] INFO - [2025-03-02 21:02:57] Machine 3 sent message to ('localhost', 6541), Logical Clock: 166
[2025-03-02 21:02:58,120] INFO - [2025-03-02 21:02:58] Machine 3 internal event, Updated Logical Clock: 167
[2025-03-02 21:02:58,456] INFO - [2025-03-02 21:02:58] Machine 3 received message from 1, Received Clock: 167, Queue Length: 1, Updated Logical Clock: 168
[2025-03-02 21:02:58,795] INFO - [2025-03-02 21:02:58] Machine 3 received message from 1, Received Clock: 169, Queue Length: 1, Updated Logical Clock: 170
[2025-03-02 21:02:59,134] INFO - [2025-03-02 21:02:59] Machine 3 received message from 2, Received Clock: 171, Queue Length: 1, Updated Logical Clock: 172
[2025-03-02 21:02:59,469] INFO - [2025-03-02 21:02:59] Machine 3 received message from 2, Received Clock: 173, Queue Length: 1, Updated Logical Clock: 174
[2025-03-02 21:02:59,809] INFO - [2025-03-02 21:02:59] Machine 3 sent message to ('localhost', 6542), Logical Clock: 175
[2025-03-02 21:02:59,811] INFO - [2025-03-02 21:02:59] Machine 3 sent message to ('localhost', 6541), Logical Clock: 176
[2025-03-02 21:03:00,152] INFO - [2025-03-02 21:03:00] Machine 3 sent message to ('localhost', 6542), Logical Clock: 177
[2025-03-02 21:03:00,492] INFO - [2025-03-02 21:03:00] Machine 3 received message from 2, Received Clock: 179, Queue Length: 1, Updated Logical Clock: 180
[2025-03-02 21:03:00,828] INFO - [2025-03-02 21:03:00] Machine 3 sent message to ('localhost', 6542), Logical Clock: 181
[2025-03-02 21:03:00,828] INFO - [2025-03-02 21:03:00] Machine 3 sent message to ('localhost', 6541), Logical Clock: 182
[2025-03-02 21:03:01,169] INFO - [2025-03-02 21:03:01] Machine 3 sent message to ('localhost', 6542), Logical Clock: 183
[2025-03-02 21:03:01,170] INFO - [2025-03-02 21:03:01] Machine 3 sent message to ('localhost', 6541), Logical Clock: 184
[2025-03-02 21:03:01,511] INFO - [2025-03-02 21:03:01] Machine 3 sent message to ('localhost', 6541), Logical Clock: 185
[2025-03-02 21:03:01,850] INFO - [2025-03-02 21:03:01] Machine 3 sent message to ('localhost', 6542), Logical Clock: 186
[2025-03-02 21:03:02,191] INFO - [2025-03-02 21:03:02] Machine 3 sent message to ('localhost', 6542), Logical Clock: 187
[2025-03-02 21:03:02,192] INFO - [2025-03-02 21:03:02] Machine 3 sent message to ('localhost', 6541), Logical Clock: 188
[2025-03-02 21:03:02,533] INFO - [2025-03-02 21:03:02] Machine 3 sent message to ('localhost', 6542), Logical Clock: 189
[2025-03-02 21:03:02,871] INFO - [2025-03-02 21:03:02] Machine 3 internal event, Updated Logical Clock: 190
[2025-03-02 21:03:03,210] INFO - [2025-03-02 21:03:03] Machine 3 sent message to ('localhost', 6541), Logical Clock: 191
[2025-03-02 21:03:03,547] INFO - [2025-03-02 21:03:03] Machine 3 internal event, Updated Logical Clock: 192
[2025-03-02 21:03:03,887] INFO - [2025-03-02 21:03:03] Machine 3 internal event, Updated Logical Clock: 193
[2025-03-02 21:03:04,227] INFO - [2025-03-02 21:03:04] Machine 3 received message from 1, Received Clock: 194, Queue Length: 2, Updated Logical Clock: 195
[2025-03-02 21:03:04,563] INFO - [2025-03-02 21:03:04] Machine 3 received message from 2, Received Clock: 196, Queue Length: 1, Updated Logical Clock: 197
[2025-03-02 21:03:04,900] INFO - [2025-03-02 21:03:04] Machine 3 sent message to ('localhost', 6542), Logical Clock: 198
[2025-03-02 21:03:04,901] INFO - [2025-03-02 21:03:04] Machine 3 sent message to ('localhost', 6541), Logical Clock: 199
[2025-03-02 21:03:05,240] INFO - [2025-03-02 21:03:05] Machine 3 internal event, Updated Logical Clock: 200
[2025-03-02 21:03:05,576] INFO - [2025-03-02 21:03:05] Machine 3 received message from 1, Received Clock: 201, Queue Length: 1, Updated Logical Clock: 202
[2025-03-02 21:03:05,914] INFO - [2025-03-02 21:03:05] Machine 3 received message from 1, Received Clock: 203, Queue Length: 1, Updated Logical Clock: 204
[2025-03-02 21:03:06,253] INFO - [2025-03-02 21:03:06] Machine 3 received message from 2, Received Clock: 205, Queue Length: 1, Updated Logical Clock: 206
[2025-03-02 21:03:06,591] INFO - [2025-03-02 21:03:06] Machine 3 received message from 2, Received Clock: 206, Queue Length: 1, Updated Logical Clock: 207
[2025-03-02 21:03:06,929] INFO - [2025-03-02 21:03:06] Machine 3 sent message to ('localhost', 6542), Logical Clock: 208
[2025-03-02 21:03:06,931] INFO - [2025-03-02 21:03:06] Machine 3 sent message to ('localhost', 6541), Logical Clock: 209
[2025-03-02 21:03:07,269] INFO - [2025-03-02 21:03:07] Machine 3 sent message to ('localhost', 6541), Logical Clock: 210
[2025-03-02 21:03:07,603] INFO - [2025-03-02 21:03:07] Machine 3 internal event, Updated Logical Clock: 211
[2025-03-02 21:03:07,942] INFO - [2025-03-02 21:03:07] Machine 3 internal event, Updated Logical Clock: 212
[2025-03-02 21:03:08,278] INFO - [2025-03-02 21:03:08] Machine 3 sent message to ('localhost', 6541), Logical Clock: 213
[2025-03-02 21:03:08,613] INFO - [2025-03-02 21:03:08] Machine 3 received message from 1, Received Clock: 213, Queue Length: 1, Updated Logical Clock: 214
[2025-03-02 21:03:08,953] INFO - [2025-03-02 21:03:08] Machine 3 sent message to ('localhost', 6542), Logical Clock: 215
[2025-03-02 21:03:08,955] INFO - [2025-03-02 21:03:08] Machine 3 sent message to ('localhost', 6541), Logical Clock: 216
[2025-03-02 21:03:09,291] INFO - [2025-03-02 21:03:09] Machine 3 sent message to ('localhost', 6542), Logical Clock: 217
[2025-03-02 21:03:09,633] INFO - [2025-03-02 21:03:09] Machine 3 sent message to ('localhost', 6542), Logical Clock: 218
[2025-03-02 21:03:09,634] INFO - [2025-03-02 21:03:09] Machine 3 sent message to ('localhost', 6541), Logical Clock: 219
[2025-03-02 21:03:09,974] INFO - [2025-03-02 21:03:09] Machine 3 sent message to ('localhost', 6541), Logical Clock: 220
[2025-03-02 21:03:10,315] INFO - [2025-03-02 21:03:10] Machine 3 sent message to ('localhost', 6542), Logical Clock: 221
[2025-03-02 21:03:10,654] INFO - [2025-03-02 21:03:10] Machine 3 internal event, Updated Logical Clock: 222
[2025-03-02 21:03:10,988] INFO - [2025-03-02 21:03:10] Machine 3 received message from 1, Received Clock: 223, Queue Length: 2, Updated Logical Clock: 224
[2025-03-02 21:03:11,326] INFO - [2025-03-02 21:03:11] Machine 3 received message from 2, Received Clock: 224, Queue Length: 2, Updated Logical Clock: 225
[2025-03-02 21:03:11,665] INFO - [2025-03-02 21:03:11] Machine 3 received message from 2, Received Clock: 226, Queue Length: 1, Updated Logical Clock: 227
[2025-03-02 21:03:12,003] INFO - [2025-03-02 21:03:12] Machine 3 sent message to ('localhost', 6541), Logical Clock: 228
[2025-03-02 21:03:12,338] INFO - [2025-03-02 21:03:12] Machine 3 received message from 1, Received Clock: 229, Queue Length: 1, Updated Logical Clock: 230
[2025-03-02 21:03:12,679] INFO - [2025-03-02 21:03:12] Machine 3 sent message to ('localhost', 6541), Logical Clock: 231
[2025-03-02 21:03:13,018] INFO - [2025-03-02 21:03:13] Machine 3 internal event, Updated Logical Clock: 232
[2025-03-02 21:03:13,358] INFO - [2025-03-02 21:03:13] Machine 3 received message from 1, Received Clock: 232, Queue Length: 2, Updated Logical Clock: 233
[2025-03-02 21:03:13,697] INFO - [2025-03-02 21:03:13] Machine 3 received message from 2, Received Clock: 233, Queue Length: 2, Updated Logical Clock: 234
[2025-03-02 21:03:14,036] INFO - [2025-03-02 21:03:14] Machine 3 received message from 1, Received Clock: 234, Queue Length: 1, Updated Logical Clock: 235
[2025-03-02 21:03:14,373] INFO - [2025-03-02 21:03:14] Machine 3 sent message to ('localhost', 6542), Logical Clock: 236
[2025-03-02 21:03:14,376] INFO - [2025-03-02 21:03:14] Machine 3 sent message to ('localhost', 6541), Logical Clock: 237
[2025-03-02 21:03:14,715] INFO - [2025-03-02 21:03:14] Machine 3 internal event, Updated Logical Clock: 238
[2025-03-02 21:03:15,052] INFO - [2025-03-02 21:03:15] Machine 3 internal event, Updated Logical Clock: 239
[2025-03-02 21:03:15,391] INFO - [2025-03-02 21:03:15] Machine 3 received message from 1, Received Clock: 240, Queue Length: 1, Updated Logical Clock: 241
[2025-03-02 21:03:15,727] INFO - [2025-03-02 21:03:15] Machine 3 received message from 2, Received Clock: 242, Queue Length: 1, Updated Logical Clock: 243
[2025-03-02 21:03:16,065] INFO - [2025-03-02 21:03:16] Machine 3 received message from 2, Received Clock: 243, Queue Length: 1, Updated Logical Clock: 244
[2025-03-02 21:03:16,405] INFO - [2025-03-02 21:03:16] Machine 3 sent message to ('localhost', 6542), Logical Clock: 245
[2025-03-02 21:03:16,739] INFO - [2025-03-02 21:03:16] Machine 3 internal event, Updated Logical Clock: 246
[2025-03-02 21:03:17,076] INFO - [2025-03-02 21:03:17] Machine 3 received message from 1, Received Clock: 248, Queue Length: 1, Updated Logical Clock: 249
[2025-03-02 21:03:17,415] INFO - [2025-03-02 21:03:17] Machine 3 received message from 1, Received Clock: 249, Queue Length: 1, Updated Logical Clock: 250
[2025-03-02 21:03:17,753] INFO - [2025-03-02 21:03:17] Machine 3 sent message to ('localhost', 6541), Logical Clock: 251
[2025-03-02 21:03:18,091] INFO - [2025-03-02 21:03:18] Machine 3 sent message to ('localhost', 6542), Logical Clock: 252
[2025-03-02 21:03:18,093] INFO - [2025-03-02 21:03:18] Machine 3 sent message to ('localhost', 6541), Logical Clock: 253
[2025-03-02 21:03:18,432] INFO - [2025-03-02 21:03:18] Machine 3 sent message to ('localhost', 6542), Logical Clock: 254
[2025-03-02 21:03:18,774] INFO - [2025-03-02 21:03:18] Machine 3 sent message to ('localhost', 6541), Logical Clock: 255
[2025-03-02 21:03:19,114] INFO - [2025-03-02 21:03:19] Machine 3 sent message to ('localhost', 6541), Logical Clock: 256
[2025-03-02 21:03:19,449] INFO - [2025-03-02 21:03:19] Machine 3 sent message to ('localhost', 6542), Logical Clock: 257
[2025-03-02 21:03:19,450] INFO - [2025-03-02 21:03:19] Machine 3 sent message to ('localhost', 6541), Logical Clock: 258
[2025-03-02 21:03:19,790] INFO - [2025-03-02 21:03:19] Machine 3 sent message to ('localhost', 6542), Logical Clock: 259
[2025-03-02 21:03:20,128] INFO - [2025-03-02 21:03:20] Machine 3 received message from 2, Received Clock: 261, Queue Length: 1, Updated Logical Clock: 262
[2025-03-02 21:03:20,468] INFO - [2025-03-02 21:03:20] Machine 3 sent message to ('localhost', 6542), Logical Clock: 263
[2025-03-02 21:03:20,469] INFO - [2025-03-02 21:03:20] Machine 3 sent message to ('localhost', 6541), Logical Clock: 264
[2025-03-02 21:03:20,809] INFO - [2025-03-02 21:03:20] Machine 3 sent message to ('localhost', 6542), Logical Clock: 265
[2025-03-02 21:03:21,154] INFO - [2025-03-02 21:03:21] Machine 3 sent message to ('localhost', 6541), Logical Clock: 266
[2025-03-02 21:03:21,496] INFO - [2025-03-02 21:03:21] Machine 3 sent message to ('localhost', 6542), Logical Clock: 267
[2025-03-02 21:03:21,500] INFO - [2025-03-02 21:03:21] Machine 3 sent message to ('localhost', 6541), Logical Clock: 268
[2025-03-02 21:03:21,838] INFO - [2025-03-02 21:03:21] Machine 3 sent message to ('localhost', 6541), Logical Clock: 269
[2025-03-02 21:03:22,176] INFO - [2025-03-02 21:03:22] Machine 3 internal event, Updated Logical Clock: 270
[2025-03-02 21:03:22,512] INFO - [2025-03-02 21:03:22] Machine 3 received message from 1, Received Clock: 270, Queue Length: 1, Updated Logical Clock: 271
[2025-03-02 21:03:22,851] INFO - [2025-03-02 21:03:22] Machine 3 received message from 1, Received Clock: 272, Queue Length: 1, Updated Logical Clock: 273
[2025-03-02 21:03:23,189] INFO - [2025-03-02 21:03:23] Machine 3 internal event, Updated Logical Clock: 274
[2025-03-02 21:03:23,528] INFO - [2025-03-02 21:03:23] Machine 3 received message from 1, Received Clock: 274, Queue Length: 1, Updated Logical Clock: 275
[2025-03-02 21:03:23,869] INFO - [2025-03-02 21:03:23] Machine 3 sent message to ('localhost', 6542), Logical Clock: 276
[2025-03-02 21:03:24,209] INFO - [2025-03-02 21:03:24] Machine 3 sent message to ('localhost', 6542), Logical Clock: 277
[2025-03-02 21:03:24,211] INFO - [2025-03-02 21:03:24] Machine 3 sent message to ('localhost', 6541), Logical Clock: 278
[2025-03-02 21:03:24,548] INFO - [2025-03-02 21:03:24] Machine 3 sent message to ('localhost', 6542), Logical Clock: 279
[2025-03-02 21:03:24,550] INFO - [2025-03-02 21:03:24] Machine 3 sent message to ('localhost', 6541), Logical Clock: 280
[2025-03-02 21:03:24,886] INFO - [2025-03-02 21:03:24] Machine 3 internal event, Updated Logical Clock: 281
[2025-03-02 21:03:25,224] INFO - [2025-03-02 21:03:25] Machine 3 sent message to ('localhost', 6541), Logical Clock: 282
[2025-03-02 21:03:25,562] INFO - [2025-03-02 21:03:25] Machine 3 internal event, Updated Logical Clock: 283
[2025-03-02 21:03:25,901] INFO - [2025-03-02 21:03:25] Machine 3 sent message to ('localhost', 6541), Logical Clock: 284
[2025-03-02 21:03:26,242] INFO - [2025-03-02 21:03:26] Machine 3 sent message to ('localhost', 6542), Logical Clock: 285
[2025-03-02 21:03:26,244] INFO - [2025-03-02 21:03:26] Machine 3 sent message to ('localhost', 6541), Logical Clock: 286
[2025-03-02 21:03:26,581] INFO - [2025-03-02 21:03:26] Machine 3 sent message to ('localhost', 6542), Logical Clock: 287
[2025-03-02 21:03:26,921] INFO - [2025-03-02 21:03:26] Machine 3 received message from 2, Received Clock: 289, Queue Length: 1, Updated Logical Clock: 290
[2025-03-02 21:03:27,260] INFO - [2025-03-02 21:03:27] Machine 3 received message from 2, Received Clock: 291, Queue Length: 1, Updated Logical Clock: 292
[2025-03-02 21:03:27,596] INFO - [2025-03-02 21:03:27] Machine 3 sent message to ('localhost', 6541), Logical Clock: 293
[2025-03-02 21:03:27,936] INFO - [2025-03-02 21:03:27] Machine 3 sent message to ('localhost', 6542), Logical Clock: 294
[2025-03-02 21:03:27,936] INFO - [2025-03-02 21:03:27] Machine 3 sent message to ('localhost', 6541), Logical Clock: 295
[2025-03-02 21:03:28,276] INFO - [2025-03-02 21:03:28] Machine 3 internal event, Updated Logical Clock: 296
[2025-03-02 21:03:28,611] INFO - [2025-03-02 21:03:28] Machine 3 received message from 1, Received Clock: 297, Queue Length: 1, Updated Logical Clock: 298
[2025-03-02 21:03:28,950] INFO - [2025-03-02 21:03:28] Machine 3 received message from 1, Received Clock: 299, Queue Length: 1, Updated Logical Clock: 300
[2025-03-02 21:03:29,288] INFO - [2025-03-02 21:03:29] Machine 3 received message from 1, Received Clock: 300, Queue Length: 1, Updated Logical Clock: 301
[2025-03-02 21:03:29,626] INFO - [2025-03-02 21:03:29] Machine 3 received message from 2, Received Clock: 300, Queue Length: 2, Updated Logical Clock: 302
[2025-03-02 21:03:29,964] INFO - [2025-03-02 21:03:29] Machine 3 received message from 1, Received Clock: 302, Queue Length: 1, Updated Logical Clock: 303
[2025-03-02 21:03:30,304] INFO - [2025-03-02 21:03:30] Machine 3 sent message to ('localhost', 6541), Logical Clock: 304
[2025-03-02 21:03:30,643] INFO - [2025-03-02 21:03:30] Machine 3 sent message to ('localhost', 6542), Logical Clock: 305
[2025-03-02 21:03:30,978] INFO - [2025-03-02 21:03:30] Machine 3 internal event, Updated Logical Clock: 306
[2025-03-02 21:03:31,318] INFO - [2025-03-02 21:03:31] Machine 3 sent message to ('localhost', 6542), Logical Clock: 307
[2025-03-02 21:03:31,658] INFO - [2025-03-02 21:03:31] Machine 3 received message from 2, Received Clock: 308, Queue Length: 1, Updated Logical Clock: 309
[2025-03-02 21:03:31,997] INFO - [2025-03-02 21:03:31] Machine 3 received message from 2, Received Clock: 309, Queue Length: 2, Updated Logical Clock: 310
[2025-03-02 21:03:32,335] INFO - [2025-03-02 21:03:32] Machine 3 received message from 1, Received Clock: 310, Queue Length: 1, Updated Logical Clock: 311
[2025-03-02 21:03:32,674] INFO - [2025-03-02 21:03:32] Machine 3 received message from 2, Received Clock: 312, Queue Length: 1, Updated Logical Clock: 313
[2025-03-02 21:03:33,014] INFO - [2025-03-02 21:03:33] Machine 3 internal event, Updated Logical Clock: 314
[2025-03-02 21:03:33,353] INFO - [2025-03-02 21:03:33] Machine 3 internal event, Updated Logical Clock: 315
[2025-03-02 21:03:33,387] INFO - Machine 3 shutting down.
[2025-03-02 21:03:33,690] INFO - [2025-03-02 21:03:33] Machine 3 sent message to ('localhost', 6542), Logical Clock: 316
[2025-03-02 21:03:33,692] ERROR - Machine 3 failed to send message to ('localhost', 6541)
